<?xml version="1.0" encoding="UTF-8"?>
<!-- Generated by org.testng.reporters.JUnitReportReporter -->
<testsuite hostname="Subrat-Laptop" failures="0" tests="4" name="subratpattanaik.api_demo_test.Exploring_AppSection" time="69.665" errors="0" timestamp="2022-12-15T03:09:44 IST" skipped="0">
  <testcase classname="subratpattanaik.api_demo_test.Exploring_AppSection" name="ActivityFinishAffinityTest" time="19.179"/>
  <system-out/>
  <testcase classname="subratpattanaik.api_demo_test.Exploring_AppSection" name="ActivityPresenationTest" time="18.156"/>
  <system-out/>
  <testcase classname="subratpattanaik.api_demo_test.Exploring_AppSection" name="ActivityHelloWorldValidation" time="16.042"/>
  <system-out/>
  <testcase classname="subratpattanaik.api_demo_test.Exploring_AppSection" name="ActivityDialogTest" time="16.288"/>
  <system-out/>
</testsuite> <!-- subratpattanaik.api_demo_test.Exploring_AppSection -->
